<?xml version="1.0" encoding="UTF-8"?>
<!-- Generated by org.testng.reporters.JUnitReportReporter -->
<testsuite skipped="0" hostname="DESKTOP-S0T7VIK" name="com.testcases.LoginTest" tests="1" failures="0" timestamp="08 Jul 2021 06:10:18 GMT" time="1.544" errors="0">
  <testcase name="login" time="1.544" classname="com.testcases.LoginTest"/>
</testsuite> <!-- com.testcases.LoginTest -->
